נוב 21, 2021 5:27:52 PM watcher.Watcher watch
INFO: 
CHECK stock of AMZN
נוב 21, 2021 5:29:00 PM watcher.Watcher watch
INFO: 
CHECK stock of AMZN
נוב 21, 2021 5:30:39 PM watcher.Watcher watch
INFO: 
CHECK stock of AMZN
נוב 21, 2021 5:30:52 PM watcher.Watcher watch
INFO: 
CHECK stock of AMZN
נוב 21, 2021 5:33:33 PM watcher.Watcher watch
INFO: 
CHECK stock of AMZN
נוב 21, 2021 5:36:00 PM watcher.Watcher watch
INFO: 
CHECK stock of AMZN
נוב 21, 2021 5:41:43 PM watcher.Watcher watch
INFO: 
CHECK stock of AMZN
נוב 21, 2021 5:42:38 PM watcher.Watcher watch
INFO: 
CHECK stock of AMZN
נוב 21, 2021 5:44:24 PM watcher.Watcher watch
INFO: 
stock: Abbott Laboratories, current Price: 126.84, change since watching: -75.13%, start price: 510.0
stock: Abbott Laboratories, current Price: 179.23, change since watching: -64.86%, start price: 510.0
stock: Amazon, current Price: 3676.57, change since watching: +11.44%, start price: 3299.0
stock: Boeing, current Price: 214.13, change since watching: -3.13%, start price: 221.05, 3 months since acquired, cycles: 3
נוב 21, 2021 5:44:24 PM watcher.Watcher watch
INFO: 
CHECK stock of AMZN
נוב 21, 2021 5:44:48 PM watcher.Watcher watch
INFO: 
stock: Abbott Laboratories, current Price: 126.84, change since watching: -75.13%, start price: 510.0
stock: Abbott Laboratories, current Price: 179.23, change since watching: -64.86%, start price: 510.0
stock: Amazon, current Price: 3676.57, change since watching: +11.44%, start price: 3299.0
stock: Boeing, current Price: 214.13, change since watching: -3.13%, start price: 221.05, 3 months since acquired, cycles: 3
נוב 21, 2021 5:44:48 PM watcher.Watcher watch
INFO: 
CHECK stock of AMZN
נוב 21, 2021 5:46:23 PM watcher.Watcher watch
INFO: 
stock: Abbott Laboratories, current Price: 126.84, change since watching: -75.13%, start price: 510.0
stock: Abbott Laboratories, current Price: 179.23, change since watching: -64.86%, start price: 510.0
stock: Amazon, current Price: 3676.57, change since watching: +11.44%, start price: 3299.0
stock: Boeing, current Price: 214.13, change since watching: -3.13%, start price: 221.05, 3 months since acquired, cycles: 3
נוב 21, 2021 5:46:23 PM watcher.Watcher watch
INFO: 
CHECK stock of AMZN
נוב 21, 2021 5:51:16 PM watcher.Watcher watch
INFO: 
stock: Abbott Laboratories, current Price: 126.84, change since watching: -75.13%, start price: 510.0
stock: Abbott Laboratories, current Price: 179.23, change since watching: -64.86%, start price: 510.0
stock: Amazon, current Price: 3676.57, change since watching: +11.44%, start price: 3299.0
stock: Boeing, current Price: 214.13, change since watching: -3.13%, start price: 221.05, 3 months since acquired, cycles: 3
נוב 21, 2021 5:51:16 PM watcher.Watcher watch
INFO: 
CHECK stock of AMZN
נוב 21, 2021 5:52:01 PM watcher.Watcher watch
INFO: 
stock: Abbott Laboratories, current Price: 126.84, change since watching: -75.13%, start price: 510.0
stock: Abbott Laboratories, current Price: 179.23, change since watching: -64.86%, start price: 510.0
stock: Amazon, current Price: 3676.57, change since watching: +11.44%, start price: 3299.0
stock: Boeing, current Price: 214.13, change since watching: -3.13%, start price: 221.05, 3 months since acquired, cycles: 3
נוב 21, 2021 5:52:01 PM watcher.Watcher watch
INFO: 
CHECK stock of AMZN
נוב 21, 2021 5:53:43 PM watcher.Watcher watch
INFO: 
stock: Abbott Laboratories, current Price: 126.84, change since watching: -75.13%, start price: 510.0
stock: Abbott Laboratories, current Price: 179.23, change since watching: -64.86%, start price: 510.0
stock: Amazon, current Price: 3676.57, change since watching: +11.44%, start price: 3299.0
stock: Boeing, current Price: 214.13, change since watching: -3.13%, start price: 221.05, 3 months since acquired, cycles: 3
נוב 21, 2021 5:53:43 PM watcher.Watcher watch
INFO: 

CHECK stock of AMZN
נוב 21, 2021 5:56:57 PM watcher.Watcher watch
INFO: 
stock: Abbott Laboratories, current Price: 126.84, change since watching: -75.13%, start price: 510.0
stock: Abbott Laboratories, current Price: 179.23, change since watching: -64.86%, start price: 510.0
stock: Amazon, current Price: 3676.57, change since watching: +11.44%, start price: 3299.0
stock: Boeing, current Price: 214.13, change since watching: -3.13%, start price: 221.05, 3 months since acquired, cycles: 3
נוב 21, 2021 5:56:57 PM watcher.Watcher watch
INFO: 

CHECK stock of AMZN
נוב 21, 2021 5:58:34 PM watcher.Watcher watch
INFO: 
stock: Abbott Laboratories, current Price: 126.84, change since watching: -75.13%, start price: 510.0
stock: Abbott Laboratories, current Price: 179.23, change since watching: -64.86%, start price: 510.0
stock: Amazon, current Price: 3676.57, change since watching: +11.44%, start price: 3299.0
stock: Boeing, current Price: 214.13, change since watching: -3.13%, start price: 221.05, 3 months since acquired, cycles: 3
נוב 21, 2021 5:58:34 PM watcher.Watcher watch
INFO: 

CHECK stock of AMZN
נוב 21, 2021 6:05:01 PM watcher.Watcher watch
INFO: 
stock: Abbott Laboratories, current Price: 126.84, change since watching: -75.13%, start price: 510.0
stock: Abbott Laboratories, current Price: 179.23, change since watching: -64.86%, start price: 510.0
stock: Amazon, current Price: 3676.57, change since watching: +11.44%, start price: 3299.0
stock: Boeing, current Price: 214.13, change since watching: -3.13%, start price: 221.05, 3 months since acquired, cycles: 3
נוב 21, 2021 6:05:01 PM watcher.Watcher watch
INFO: 

CHECK stock of AMZN
נוב 21, 2021 6:05:40 PM watcher.Watcher watch
INFO: 
stock: Abbott Laboratories, current Price: 126.84, change since watching: -75.13%, start price: 510.0
stock: Abbott Laboratories, current Price: 179.23, change since watching: -64.86%, start price: 510.0
stock: Amazon, current Price: 3676.57, change since watching: +11.44%, start price: 3299.0
stock: Boeing, current Price: 214.13, change since watching: -3.13%, start price: 221.05, 3 months since acquired, cycles: 3
נוב 21, 2021 6:05:40 PM watcher.Watcher watch
INFO: 

CHECK stock of AMZN
נוב 21, 2021 6:25:53 PM watcher.Watcher watch
INFO: 
stock: Abbott Laboratories, current Price: 126.84, change since watching: -75.13%, start price: 510.0
stock: Abbott Laboratories, current Price: 179.23, change since watching: -64.86%, start price: 510.0
stock: Amazon, current Price: 3676.57, change since watching: +11.44%, start price: 3299.0
stock: Boeing, current Price: 214.13, change since watching: -3.13%, start price: 221.05, 3 months since acquired, cycles: 3
נוב 21, 2021 6:25:53 PM watcher.Watcher watch
INFO: 

CHECK stock of AMZN
נוב 21, 2021 6:26:53 PM watcher.Watcher watch
INFO: 
stock: Abbott Laboratories, current Price: 126.84, change since watching: -75.13%, start price: 510.0
stock: Abbott Laboratories, current Price: 179.23, change since watching: -64.86%, start price: 510.0
stock: Amazon, current Price: 3676.57, change since watching: +11.44%, start price: 3299.0
stock: Boeing, current Price: 214.13, change since watching: -3.13%, start price: 221.05, 3 months since acquired, cycles: 3
נוב 21, 2021 6:26:53 PM watcher.Watcher watch
INFO: 

CHECK stock of AMZN
נוב 21, 2021 6:28:39 PM watcher.Watcher watch
INFO: 
stock: Abbott Laboratories, current Price: 126.84, change since watching: -75.13%, start price: 510.0
stock: Abbott Laboratories, current Price: 179.23, change since watching: -64.86%, start price: 510.0
stock: Amazon, current Price: 3676.57, change since watching: +11.44%, start price: 3299.0
stock: Boeing, current Price: 214.13, change since watching: -3.13%, start price: 221.05, 3 months since acquired, cycles: 3
נוב 21, 2021 6:28:39 PM watcher.Watcher watch
INFO: 

CHECK stock of AMZN
נוב 21, 2021 7:07:00 PM watcher.Watcher watch
INFO: 
stock: Abbott Laboratories, current Price: 126.84, change since watching: -75.13%, start price: 510.0
stock: Abbott Laboratories, current Price: 179.23, change since watching: -64.86%, start price: 510.0
stock: Amazon, current Price: 3676.57, change since watching: +11.44%, start price: 3299.0
stock: Boeing, current Price: 214.13, change since watching: -3.13%, start price: 221.05, 3 months since acquired, cycles: 3
נוב 21, 2021 7:07:00 PM watcher.Watcher watch
INFO: 

CHECK stock of AMZN
נוב 22, 2021 8:03:53 AM watcher.Watcher watch
INFO: 
stock: Abbott Laboratories, current Price: 126.84, change since watching: -75.13%, start price: 510.0
stock: Abbott Laboratories, current Price: 179.23, change since watching: -64.86%, start price: 510.0
stock: Amazon, current Price: 3676.57, change since watching: +11.44%, start price: 3299.0
stock: Boeing, current Price: 214.13, change since watching: -3.13%, start price: 221.05, 3 months since acquired, cycles: 3
נוב 22, 2021 8:03:53 AM watcher.Watcher watch
INFO: 

CHECK stock of AMZN
נוב 22, 2021 8:04:20 AM watcher.Watcher watch
INFO: 
stock: Abbott Laboratories, current Price: 126.84, change since watching: -75.13%, start price: 510.0
stock: Abbott Laboratories, current Price: 179.23, change since watching: -64.86%, start price: 510.0
stock: Amazon, current Price: 3676.57, change since watching: +11.44%, start price: 3299.0
stock: Boeing, current Price: 214.13, change since watching: -3.13%, start price: 221.05, 3 months since acquired, cycles: 3
נוב 22, 2021 8:04:20 AM watcher.Watcher watch
INFO: 

CHECK stock of AMZN
נוב 22, 2021 8:04:46 AM watcher.Watcher watch
INFO: 
stock: Abbott Laboratories, current Price: 126.84, change since watching: -75.13%, start price: 510.0
stock: Abbott Laboratories, current Price: 179.23, change since watching: -64.86%, start price: 510.0
stock: Amazon, current Price: 3676.57, change since watching: +11.44%, start price: 3299.0
stock: Boeing, current Price: 214.13, change since watching: -3.13%, start price: 221.05, 3 months since acquired, cycles: 3
נוב 22, 2021 8:04:46 AM watcher.Watcher watch
INFO: 

CHECK stock of AMZN
נוב 22, 2021 10:16:37 PM watcher.Watcher watch
INFO: 
stock: Abbott Laboratories, current Price: 126.07, change since watching: -75.28%, start price: 510.0
stock: Abbott Laboratories, current Price: 180.91, change since watching: -64.53%, start price: 510.0
stock: Amazon, current Price: 3608.39, change since watching: +9.38%, start price: 3299.0
stock: Boeing, current Price: 211.24, change since watching: -4.44%, start price: 221.05, 3 months since acquired, cycles: 3
נוב 22, 2021 10:16:37 PM watcher.Watcher watch
INFO: 

CHECK stock of AMZN
