2022-02-17 23:39:49 INFO  Watcher:72 - 
stock: Abbott Laboratories, current Price: 120.58, change since watching: -7.25%, start price: 130.0, 5 days since acquired, cycles: 14
stock: Amazon, current Price: 3093.05, change since watching: -10.35%, start price: 3450.0, 2 months since acquired, cycles: 1
stock: Boeing, current Price: 213.58, change since watching: -3.38%, start price: 221.05, 27 days since acquired, cycles: 4
stock: Bristol-Myers Squibb, current Price: 67.39, change since watching: +15.2%, start price: 58.5, 2 months since acquired, cycles: 1
stock: Nvidia, current Price: 245.07, change since watching: -25.74%, start price: 330.0, 2 months since acquired, cycles: 3
stock: KLA Corporation, current Price: 366.05, change since watching: -11.58%, start price: 414.0, 29 days since acquired, cycles: 3
stock: Electronic arts, current Price: 130.4, change since watching: -3.41%, start price: 135.0, 0 days since acquired, cycles: 4
stock: Applied Materials, current Price: 136.47, change since watching: +4.18%, start price: 131.0, cycles: 2
stock: Starbux, current Price: 93.05, change since watching: -16.35%, start price: 111.24, 40 days since acquired, cycles: 2
stock: Ralph Lauren, current Price: 126.7, change since watching: +11.83%, start price: 113.3, cycles: 3
stock: Becton Dickinson (med tech), current Price: 266.15, change since watching: +3.96%, start price: 256.0, cycles: 3
stock: Align Technology (med tech), current Price: 501.76, change since watching: -18.01%, start price: 612.0, 42 days since acquired, cycles: 3
stock: *********************************************
stock: Texas Instruments (processors), current Price: 164.65, change since watching: -14.69%, start price: 193.0, 42 days since acquired, cycles: 3
stock: Match Group (dating apps), current Price: 111.88, change since watching: -18.93%, start price: 138.0, 49 days since acquired, cycles: 2
stock: Hasbro (board games), current Price: 99.08, change since watching: +1.1%, start price: 98.0, cycles: 3
stock: Teledyne Technologies (high tech), current Price: 419.98, change since watching: -2.33%, start price: 430.0, 38 days since acquired, cycles: 2
stock: Ross Stores (clothes and stuff), current Price: 91.75, change since watching: -23.54%, start price: 120.0, 49 days since acquired, cycles: 2
stock: NXP Semiconductors, current Price: 187.61, change since watching: -6.19%, start price: 200.0, 5 days since acquired, cycles: 3
stock: Aptiv PLC (automotive), current Price: 143.13, change since watching: -4.58%, start price: 150.0, 28 days since acquired, cycles: 2
stock: TJX Companies (Home and clothes stuff), current Price: 65.17, change since watching: -2.66%, start price: 66.95, cycles: 2
stock: Analog Devices, current Price: 160.43, change since watching: -4.39%, start price: 167.8, 7 days since acquired, cycles: 3
stock: Fortive Corporation (high tech), current Price: 63.37, change since watching: -13.35%, start price: 73.13, 21 days since acquired, cycles: 2
stock: Kimberly-Clark (Toilet stuff), current Price: 131.63, change since watching: -1.7%, start price: 133.9, cycles: 2
stock: CarMax (used cars), current Price: 107.48, change since watching: -13.04%, start price: 123.6, 42 days since acquired, cycles: 2
stock: Amcor (Containers/Packaging) *new stock, current Price: 11.79, change since watching: +1.66%, start price: 11.5978, cycles: 2
stock: Autodesk (3D design), current Price: 223.39, change since watching: -21.4%, start price: 284.2, 44 days since acquired, cycles: 2
stock: Realty Income (real estate trust), current Price: 67.12, change since watching: -4.06%, start price: 69.96, 27 days since acquired, cycles: 2
stock: Freeport-McMoRan (mining company), current Price: 43.21, change since watching: +29.41%, start price: 33.39, cycles: 2
2022-02-17 23:39:49 INFO  Watcher:75 - 

CHECK stock of BMY
CHECK stock of RL
CHECK stock of FCX
פבר 17, 2022 11:41:10 PM app.Watcher watch
INFO: 
stock: Abbott Laboratories, current Price: 120.58, change since watching: -7.25%, start price: 130.0, 5 days since acquired, cycles: 14
stock: Amazon, current Price: 3093.05, change since watching: -10.35%, start price: 3450.0, 2 months since acquired, cycles: 1
stock: Boeing, current Price: 213.58, change since watching: -3.38%, start price: 221.05, 27 days since acquired, cycles: 4
stock: Bristol-Myers Squibb, current Price: 67.39, change since watching: +15.2%, start price: 58.5, 2 months since acquired, cycles: 1
stock: Nvidia, current Price: 245.07, change since watching: -25.74%, start price: 330.0, 2 months since acquired, cycles: 3
stock: KLA Corporation, current Price: 366.05, change since watching: -11.58%, start price: 414.0, 29 days since acquired, cycles: 3
stock: Electronic arts, current Price: 130.4, change since watching: -3.41%, start price: 135.0, 0 days since acquired, cycles: 4
stock: Applied Materials, current Price: 136.47, change since watching: +4.18%, start price: 131.0, cycles: 2
stock: Starbux, current Price: 93.05, change since watching: -16.35%, start price: 111.24, 40 days since acquired, cycles: 2
stock: Ralph Lauren, current Price: 126.7, change since watching: +11.83%, start price: 113.3, cycles: 3
stock: Becton Dickinson (med tech), current Price: 266.15, change since watching: +3.96%, start price: 256.0, cycles: 3
stock: Align Technology (med tech), current Price: 501.76, change since watching: -18.01%, start price: 612.0, 42 days since acquired, cycles: 3
stock: *********************************************
stock: Texas Instruments (processors), current Price: 164.65, change since watching: -14.69%, start price: 193.0, 42 days since acquired, cycles: 3
stock: Match Group (dating apps), current Price: 111.88, change since watching: -18.93%, start price: 138.0, 49 days since acquired, cycles: 2
stock: Hasbro (board games), current Price: 99.08, change since watching: +1.1%, start price: 98.0, cycles: 3
stock: Teledyne Technologies (high tech), current Price: 419.98, change since watching: -2.33%, start price: 430.0, 38 days since acquired, cycles: 2
stock: Ross Stores (clothes and stuff), current Price: 91.75, change since watching: -23.54%, start price: 120.0, 49 days since acquired, cycles: 2
stock: NXP Semiconductors, current Price: 187.61, change since watching: -6.19%, start price: 200.0, 5 days since acquired, cycles: 3
stock: Aptiv PLC (automotive), current Price: 143.13, change since watching: -4.58%, start price: 150.0, 28 days since acquired, cycles: 2
stock: TJX Companies (Home and clothes stuff), current Price: 65.17, change since watching: -2.66%, start price: 66.95, cycles: 2
stock: Analog Devices, current Price: 160.43, change since watching: -4.39%, start price: 167.8, 7 days since acquired, cycles: 3
stock: Fortive Corporation (high tech), current Price: 63.37, change since watching: -13.35%, start price: 73.13, 21 days since acquired, cycles: 2
stock: Kimberly-Clark (Toilet stuff), current Price: 131.63, change since watching: -1.7%, start price: 133.9, cycles: 2
stock: CarMax (used cars), current Price: 107.48, change since watching: -13.04%, start price: 123.6, 42 days since acquired, cycles: 2
stock: Amcor (Containers/Packaging) *new stock, current Price: 11.79, change since watching: +1.66%, start price: 11.5978, cycles: 2
stock: Autodesk (3D design), current Price: 223.39, change since watching: -21.4%, start price: 284.2, 44 days since acquired, cycles: 2
stock: Realty Income (real estate trust), current Price: 67.12, change since watching: -4.06%, start price: 69.96, 27 days since acquired, cycles: 2
stock: Freeport-McMoRan (mining company), current Price: 43.21, change since watching: +29.41%, start price: 33.39, cycles: 2
פבר 17, 2022 11:41:10 PM app.Watcher watch
INFO: 

CHECK stock of BMY
CHECK stock of RL
CHECK stock of FCX
פבר 17, 2022 11:41:40 PM app.Watcher watch
INFO: 
stock: Abbott Laboratories, current Price: 120.58, change since watching: -7.25%, start price: 130.0, 5 days since acquired, cycles: 14
stock: Amazon, current Price: 3093.05, change since watching: -10.35%, start price: 3450.0, 2 months since acquired, cycles: 1
stock: Boeing, current Price: 213.58, change since watching: -3.38%, start price: 221.05, 27 days since acquired, cycles: 4
stock: Bristol-Myers Squibb, current Price: 67.39, change since watching: +15.2%, start price: 58.5, 2 months since acquired, cycles: 1
stock: Nvidia, current Price: 245.07, change since watching: -25.74%, start price: 330.0, 2 months since acquired, cycles: 3
stock: KLA Corporation, current Price: 366.05, change since watching: -11.58%, start price: 414.0, 29 days since acquired, cycles: 3
stock: Electronic arts, current Price: 130.4, change since watching: -3.41%, start price: 135.0, 0 days since acquired, cycles: 4
stock: Applied Materials, current Price: 136.47, change since watching: +4.18%, start price: 131.0, cycles: 2
stock: Starbux, current Price: 93.05, change since watching: -16.35%, start price: 111.24, 40 days since acquired, cycles: 2
stock: Ralph Lauren, current Price: 126.7, change since watching: +11.83%, start price: 113.3, cycles: 3
stock: Becton Dickinson (med tech), current Price: 266.15, change since watching: +3.96%, start price: 256.0, cycles: 3
stock: Align Technology (med tech), current Price: 501.76, change since watching: -18.01%, start price: 612.0, 42 days since acquired, cycles: 3
stock: *********************************************
stock: Texas Instruments (processors), current Price: 164.65, change since watching: -14.69%, start price: 193.0, 42 days since acquired, cycles: 3
stock: Match Group (dating apps), current Price: 111.88, change since watching: -18.93%, start price: 138.0, 49 days since acquired, cycles: 2
stock: Hasbro (board games), current Price: 99.08, change since watching: +1.1%, start price: 98.0, cycles: 3
stock: Teledyne Technologies (high tech), current Price: 419.98, change since watching: -2.33%, start price: 430.0, 38 days since acquired, cycles: 2
stock: Ross Stores (clothes and stuff), current Price: 91.75, change since watching: -23.54%, start price: 120.0, 49 days since acquired, cycles: 2
stock: NXP Semiconductors, current Price: 187.61, change since watching: -6.19%, start price: 200.0, 5 days since acquired, cycles: 3
stock: Aptiv PLC (automotive), current Price: 143.13, change since watching: -4.58%, start price: 150.0, 28 days since acquired, cycles: 2
stock: TJX Companies (Home and clothes stuff), current Price: 65.17, change since watching: -2.66%, start price: 66.95, cycles: 2
stock: Analog Devices, current Price: 160.43, change since watching: -4.39%, start price: 167.8, 7 days since acquired, cycles: 3
stock: Fortive Corporation (high tech), current Price: 63.37, change since watching: -13.35%, start price: 73.13, 21 days since acquired, cycles: 2
stock: Kimberly-Clark (Toilet stuff), current Price: 131.63, change since watching: -1.7%, start price: 133.9, cycles: 2
stock: CarMax (used cars), current Price: 107.48, change since watching: -13.04%, start price: 123.6, 42 days since acquired, cycles: 2
stock: Amcor (Containers/Packaging) *new stock, current Price: 11.79, change since watching: +1.66%, start price: 11.5978, cycles: 2
stock: Autodesk (3D design), current Price: 223.39, change since watching: -21.4%, start price: 284.2, 44 days since acquired, cycles: 2
stock: Realty Income (real estate trust), current Price: 67.12, change since watching: -4.06%, start price: 69.96, 27 days since acquired, cycles: 2
stock: Freeport-McMoRan (mining company), current Price: 43.21, change since watching: +29.41%, start price: 33.39, cycles: 2
פבר 17, 2022 11:41:40 PM app.Watcher watch
INFO: 

CHECK stock of BMY
CHECK stock of RL
CHECK stock of FCX
פבר 17, 2022 11:51:24 PM app.Watcher watch
INFO: 
stock: Abbott Laboratories, current Price: 120.58, change since watching: -7.25%, start price: 130.0, 5 days since acquired, cycles: 14
stock: Amazon, current Price: 3093.05, change since watching: -10.35%, start price: 3450.0, 2 months since acquired, cycles: 1
stock: Boeing, current Price: 213.58, change since watching: -3.38%, start price: 221.05, 27 days since acquired, cycles: 4
stock: Bristol-Myers Squibb, current Price: 67.39, change since watching: +15.2%, start price: 58.5, 2 months since acquired, cycles: 1
stock: Nvidia, current Price: 245.07, change since watching: -25.74%, start price: 330.0, 2 months since acquired, cycles: 3
stock: KLA Corporation, current Price: 366.05, change since watching: -11.58%, start price: 414.0, 29 days since acquired, cycles: 3
stock: Electronic arts, current Price: 130.4, change since watching: -3.41%, start price: 135.0, 0 days since acquired, cycles: 4
stock: Applied Materials, current Price: 136.47, change since watching: +4.18%, start price: 131.0, cycles: 2
stock: Starbux, current Price: 93.05, change since watching: -16.35%, start price: 111.24, 40 days since acquired, cycles: 2
stock: Ralph Lauren, current Price: 126.7, change since watching: +11.83%, start price: 113.3, cycles: 3
stock: Becton Dickinson (med tech), current Price: 266.15, change since watching: +3.96%, start price: 256.0, cycles: 3
stock: Align Technology (med tech), current Price: 501.76, change since watching: -18.01%, start price: 612.0, 42 days since acquired, cycles: 3
stock: *********************************************
stock: Texas Instruments (processors), current Price: 164.65, change since watching: -14.69%, start price: 193.0, 42 days since acquired, cycles: 3
stock: Match Group (dating apps), current Price: 111.88, change since watching: -18.93%, start price: 138.0, 49 days since acquired, cycles: 2
stock: Hasbro (board games), current Price: 99.08, change since watching: +1.1%, start price: 98.0, cycles: 3
stock: Teledyne Technologies (high tech), current Price: 419.98, change since watching: -2.33%, start price: 430.0, 38 days since acquired, cycles: 2
stock: Ross Stores (clothes and stuff), current Price: 91.75, change since watching: -23.54%, start price: 120.0, 49 days since acquired, cycles: 2
stock: NXP Semiconductors, current Price: 187.61, change since watching: -6.19%, start price: 200.0, 5 days since acquired, cycles: 3
stock: Aptiv PLC (automotive), current Price: 143.13, change since watching: -4.58%, start price: 150.0, 28 days since acquired, cycles: 2
stock: TJX Companies (Home and clothes stuff), current Price: 65.17, change since watching: -2.66%, start price: 66.95, cycles: 2
stock: Analog Devices, current Price: 160.43, change since watching: -4.39%, start price: 167.8, 7 days since acquired, cycles: 3
stock: Fortive Corporation (high tech), current Price: 63.37, change since watching: -13.35%, start price: 73.13, 21 days since acquired, cycles: 2
stock: Kimberly-Clark (Toilet stuff), current Price: 131.63, change since watching: -1.7%, start price: 133.9, cycles: 2
stock: CarMax (used cars), current Price: 107.48, change since watching: -13.04%, start price: 123.6, 42 days since acquired, cycles: 2
stock: Amcor (Containers/Packaging) *new stock, current Price: 11.79, change since watching: +1.66%, start price: 11.5978, cycles: 2
stock: Autodesk (3D design), current Price: 223.39, change since watching: -21.4%, start price: 284.2, 44 days since acquired, cycles: 2
stock: Realty Income (real estate trust), current Price: 67.12, change since watching: -4.06%, start price: 69.96, 27 days since acquired, cycles: 2
stock: Freeport-McMoRan (mining company), current Price: 43.21, change since watching: +29.41%, start price: 33.39, cycles: 2
פבר 17, 2022 11:51:24 PM app.Watcher watch
INFO: 

CHECK stock of BMY
CHECK stock of RL
CHECK stock of FCX
פבר 18, 2022 10:05:38 AM app.Watcher watch
INFO: 
stock: Abbott Laboratories, current Price: 120.58, change since watching: -7.25%, start price: 130.0, 6 days since acquired, cycles: 14
stock: Amazon, current Price: 3093.05, change since watching: -10.35%, start price: 3450.0, 2 months since acquired, cycles: 1
stock: Boeing, current Price: 213.58, change since watching: -3.38%, start price: 221.05, 28 days since acquired, cycles: 4
stock: Bristol-Myers Squibb, current Price: 67.39, change since watching: +15.2%, start price: 58.5, 2 months since acquired, cycles: 1
stock: Nvidia, current Price: 245.07, change since watching: -25.74%, start price: 330.0, 2 months since acquired, cycles: 3
stock: KLA Corporation, current Price: 366.05, change since watching: -11.58%, start price: 414.0, 30 days since acquired, cycles: 3
stock: Electronic arts, current Price: 130.4, change since watching: -3.41%, start price: 135.0, 1 days since acquired, cycles: 4
stock: Applied Materials, current Price: 136.47, change since watching: +4.18%, start price: 131.0, cycles: 2
stock: Starbux, current Price: 93.05, change since watching: -16.35%, start price: 111.24, 41 days since acquired, cycles: 2
stock: Ralph Lauren, current Price: 126.7, change since watching: +11.83%, start price: 113.3, cycles: 3
stock: Becton Dickinson (med tech), current Price: 266.15, change since watching: +3.96%, start price: 256.0, cycles: 3
stock: Align Technology (med tech), current Price: 501.76, change since watching: -18.01%, start price: 612.0, 43 days since acquired, cycles: 3
stock: *********************************************
stock: Texas Instruments (processors), current Price: 164.65, change since watching: -14.69%, start price: 193.0, 43 days since acquired, cycles: 3
stock: Match Group (dating apps), current Price: 111.88, change since watching: -18.93%, start price: 138.0, 50 days since acquired, cycles: 2
stock: Hasbro (board games), current Price: 99.08, change since watching: +1.1%, start price: 98.0, cycles: 3
stock: Teledyne Technologies (high tech), current Price: 419.98, change since watching: -2.33%, start price: 430.0, 39 days since acquired, cycles: 2
stock: Ross Stores (clothes and stuff), current Price: 91.75, change since watching: -23.54%, start price: 120.0, 50 days since acquired, cycles: 2
stock: NXP Semiconductors, current Price: 187.61, change since watching: -6.19%, start price: 200.0, 6 days since acquired, cycles: 3
stock: Aptiv PLC (automotive), current Price: 143.13, change since watching: -4.58%, start price: 150.0, 29 days since acquired, cycles: 2
stock: TJX Companies (Home and clothes stuff), current Price: 65.17, change since watching: -2.66%, start price: 66.95, cycles: 2
stock: Analog Devices, current Price: 160.43, change since watching: -4.39%, start price: 167.8, 8 days since acquired, cycles: 3
stock: Fortive Corporation (high tech), current Price: 63.37, change since watching: -13.35%, start price: 73.13, 22 days since acquired, cycles: 2
stock: Kimberly-Clark (Toilet stuff), current Price: 131.63, change since watching: -1.7%, start price: 133.9, cycles: 2
stock: CarMax (used cars), current Price: 107.48, change since watching: -13.04%, start price: 123.6, 43 days since acquired, cycles: 2
stock: Amcor (Containers/Packaging) *new stock, current Price: 11.79, change since watching: +1.66%, start price: 11.5978, cycles: 2
stock: Autodesk (3D design), current Price: 223.39, change since watching: -21.4%, start price: 284.2, 45 days since acquired, cycles: 2
stock: Realty Income (real estate trust), current Price: 67.12, change since watching: -4.06%, start price: 69.96, 28 days since acquired, cycles: 2
stock: Freeport-McMoRan (mining company), current Price: 43.21, change since watching: +29.41%, start price: 33.39, cycles: 2
פבר 18, 2022 10:05:38 AM app.Watcher watch
INFO: 

CHECK stock of BMY
CHECK stock of RL
CHECK stock of FCX
פבר׳ 18, 2022 12:12:34 אחה״צ app.Watcher watch
INFO: 
stock: Abbott Laboratories, current Price: 120.58, change since watching: ‎-7.25%, start price: 130.0, 6 days since acquired, cycles: 14
stock: Amazon, current Price: 3093.05, change since watching: ‎-10.35%, start price: 3450.0, 2 months since acquired, cycles: 1
stock: Boeing, current Price: 213.58, change since watching: ‎-3.38%, start price: 221.05, 28 days since acquired, cycles: 4
stock: Bristol-Myers Squibb, current Price: 67.39, change since watching: +15.2%, start price: 58.5, 2 months since acquired, cycles: 1
stock: Nvidia, current Price: 245.07, change since watching: ‎-25.74%, start price: 330.0, 2 months since acquired, cycles: 3
stock: KLA Corporation, current Price: 366.05, change since watching: ‎-11.58%, start price: 414.0, 30 days since acquired, cycles: 3
stock: Electronic arts, current Price: 130.4, change since watching: ‎-3.41%, start price: 135.0, 1 days since acquired, cycles: 4
stock: Applied Materials, current Price: 136.47, change since watching: +4.18%, start price: 131.0, cycles: 2
stock: Starbux, current Price: 93.05, change since watching: ‎-16.35%, start price: 111.24, 41 days since acquired, cycles: 2
stock: Ralph Lauren, current Price: 126.7, change since watching: +11.83%, start price: 113.3, cycles: 3
stock: Becton Dickinson (med tech), current Price: 266.15, change since watching: +3.96%, start price: 256.0, cycles: 3
stock: Align Technology (med tech), current Price: 501.76, change since watching: ‎-18.01%, start price: 612.0, 43 days since acquired, cycles: 3
stock: *********************************************
stock: Texas Instruments (processors), current Price: 164.65, change since watching: ‎-14.69%, start price: 193.0, 43 days since acquired, cycles: 3
stock: Match Group (dating apps), current Price: 111.88, change since watching: ‎-18.93%, start price: 138.0, 50 days since acquired, cycles: 2
stock: Hasbro (board games), current Price: 99.08, change since watching: +1.1%, start price: 98.0, cycles: 3
stock: Teledyne Technologies (high tech), current Price: 419.98, change since watching: ‎-2.33%, start price: 430.0, 39 days since acquired, cycles: 2
stock: Ross Stores (clothes and stuff), current Price: 91.75, change since watching: ‎-23.54%, start price: 120.0, 50 days since acquired, cycles: 2
stock: NXP Semiconductors, current Price: 187.61, change since watching: ‎-6.19%, start price: 200.0, 6 days since acquired, cycles: 3
stock: Aptiv PLC (automotive), current Price: 143.13, change since watching: ‎-4.58%, start price: 150.0, 29 days since acquired, cycles: 2
stock: TJX Companies (Home and clothes stuff), current Price: 65.17, change since watching: ‎-2.66%, start price: 66.95, cycles: 2
stock: Analog Devices, current Price: 160.43, change since watching: ‎-4.39%, start price: 167.8, 8 days since acquired, cycles: 3
stock: Fortive Corporation (high tech), current Price: 63.37, change since watching: ‎-13.35%, start price: 73.13, 22 days since acquired, cycles: 2
stock: Kimberly-Clark (Toilet stuff), current Price: 131.63, change since watching: ‎-1.7%, start price: 133.9, cycles: 2
stock: CarMax (used cars), current Price: 107.48, change since watching: ‎-13.04%, start price: 123.6, 43 days since acquired, cycles: 2
stock: Amcor (Containers/Packaging) *new stock, current Price: 11.79, change since watching: +1.66%, start price: 11.5978, cycles: 2
stock: Autodesk (3D design), current Price: 223.39, change since watching: ‎-21.4%, start price: 284.2, 45 days since acquired, cycles: 2
stock: Realty Income (real estate trust), current Price: 67.12, change since watching: ‎-4.06%, start price: 69.96, 28 days since acquired, cycles: 2
stock: Freeport-McMoRan (mining company), current Price: 43.21, change since watching: +29.41%, start price: 33.39, cycles: 2
פבר׳ 18, 2022 12:12:34 אחה״צ app.Watcher watch
INFO: 

CHECK stock of BMY
CHECK stock of RL
CHECK stock of FCX
פבר׳ 18, 2022 12:13:47 אחה״צ app.Watcher watch
INFO: 
stock: Abbott Laboratories, current Price: 120.58, change since watching: ‎-7.25%, start price: 130.0, 6 days since acquired, cycles: 14
stock: Amazon, current Price: 3093.05, change since watching: ‎-10.35%, start price: 3450.0, 2 months since acquired, cycles: 1
stock: Boeing, current Price: 213.58, change since watching: ‎-3.38%, start price: 221.05, 28 days since acquired, cycles: 4
stock: Bristol-Myers Squibb, current Price: 67.39, change since watching: +15.2%, start price: 58.5, 2 months since acquired, cycles: 1
stock: Nvidia, current Price: 245.07, change since watching: ‎-25.74%, start price: 330.0, 2 months since acquired, cycles: 3
stock: KLA Corporation, current Price: 366.05, change since watching: ‎-11.58%, start price: 414.0, 30 days since acquired, cycles: 3
stock: Electronic arts, current Price: 130.4, change since watching: ‎-3.41%, start price: 135.0, 1 days since acquired, cycles: 4
stock: Applied Materials, current Price: 136.47, change since watching: +4.18%, start price: 131.0, cycles: 2
stock: Starbux, current Price: 93.05, change since watching: ‎-16.35%, start price: 111.24, 41 days since acquired, cycles: 2
stock: Ralph Lauren, current Price: 126.7, change since watching: +11.83%, start price: 113.3, cycles: 3
stock: Becton Dickinson (med tech), current Price: 266.15, change since watching: +3.96%, start price: 256.0, cycles: 3
stock: Align Technology (med tech), current Price: 501.76, change since watching: ‎-18.01%, start price: 612.0, 43 days since acquired, cycles: 3
stock: *********************************************
stock: Texas Instruments (processors), current Price: 164.65, change since watching: ‎-14.69%, start price: 193.0, 43 days since acquired, cycles: 3
stock: Match Group (dating apps), current Price: 111.88, change since watching: ‎-18.93%, start price: 138.0, 50 days since acquired, cycles: 2
stock: Hasbro (board games), current Price: 99.08, change since watching: +1.1%, start price: 98.0, cycles: 3
stock: Teledyne Technologies (high tech), current Price: 419.98, change since watching: ‎-2.33%, start price: 430.0, 39 days since acquired, cycles: 2
stock: Ross Stores (clothes and stuff), current Price: 91.75, change since watching: ‎-23.54%, start price: 120.0, 50 days since acquired, cycles: 2
stock: NXP Semiconductors, current Price: 187.61, change since watching: ‎-6.19%, start price: 200.0, 6 days since acquired, cycles: 3
stock: Aptiv PLC (automotive), current Price: 143.13, change since watching: ‎-4.58%, start price: 150.0, 29 days since acquired, cycles: 2
stock: TJX Companies (Home and clothes stuff), current Price: 65.17, change since watching: ‎-2.66%, start price: 66.95, cycles: 2
stock: Analog Devices, current Price: 160.43, change since watching: ‎-4.39%, start price: 167.8, 8 days since acquired, cycles: 3
stock: Fortive Corporation (high tech), current Price: 63.37, change since watching: ‎-13.35%, start price: 73.13, 22 days since acquired, cycles: 2
stock: Kimberly-Clark (Toilet stuff), current Price: 131.63, change since watching: ‎-1.7%, start price: 133.9, cycles: 2
stock: CarMax (used cars), current Price: 107.48, change since watching: ‎-13.04%, start price: 123.6, 43 days since acquired, cycles: 2
stock: Amcor (Containers/Packaging) *new stock, current Price: 11.79, change since watching: +1.66%, start price: 11.5978, cycles: 2
stock: Autodesk (3D design), current Price: 223.39, change since watching: ‎-21.4%, start price: 284.2, 45 days since acquired, cycles: 2
stock: Realty Income (real estate trust), current Price: 67.12, change since watching: ‎-4.06%, start price: 69.96, 28 days since acquired, cycles: 2
stock: Freeport-McMoRan (mining company), current Price: 43.21, change since watching: +29.41%, start price: 33.39, cycles: 2
פבר׳ 18, 2022 12:13:47 אחה״צ app.Watcher watch
INFO: 

CHECK stock of BMY
CHECK stock of RL
CHECK stock of FCX
פבר׳ 18, 2022 12:18:20 אחה״צ app.Watcher watch
INFO: 
stock: Abbott Laboratories, current Price: 120.58, change since watching: ‎-7.25%, start price: 130.0, 6 days since acquired, cycles: 14
stock: Amazon, current Price: 3093.05, change since watching: ‎-10.35%, start price: 3450.0, 2 months since acquired, cycles: 1
stock: Boeing, current Price: 213.58, change since watching: ‎-3.38%, start price: 221.05, 28 days since acquired, cycles: 4
stock: Bristol-Myers Squibb, current Price: 67.39, change since watching: +15.2%, start price: 58.5, 2 months since acquired, cycles: 1
stock: Nvidia, current Price: 245.07, change since watching: ‎-25.74%, start price: 330.0, 2 months since acquired, cycles: 3
stock: KLA Corporation, current Price: 366.05, change since watching: ‎-11.58%, start price: 414.0, 30 days since acquired, cycles: 3
stock: Electronic arts, current Price: 130.4, change since watching: ‎-3.41%, start price: 135.0, 1 days since acquired, cycles: 4
stock: Applied Materials, current Price: 136.47, change since watching: +4.18%, start price: 131.0, cycles: 2
stock: Starbux, current Price: 93.05, change since watching: ‎-16.35%, start price: 111.24, 41 days since acquired, cycles: 2
stock: Ralph Lauren, current Price: 126.7, change since watching: +11.83%, start price: 113.3, cycles: 3
stock: Becton Dickinson (med tech), current Price: 266.15, change since watching: +3.96%, start price: 256.0, cycles: 3
stock: Align Technology (med tech), current Price: 501.76, change since watching: ‎-18.01%, start price: 612.0, 43 days since acquired, cycles: 3
stock: *********************************************
stock: Texas Instruments (processors), current Price: 164.65, change since watching: ‎-14.69%, start price: 193.0, 43 days since acquired, cycles: 3
stock: Match Group (dating apps), current Price: 111.88, change since watching: ‎-18.93%, start price: 138.0, 50 days since acquired, cycles: 2
stock: Hasbro (board games), current Price: 99.08, change since watching: +1.1%, start price: 98.0, cycles: 3
stock: Teledyne Technologies (high tech), current Price: 419.98, change since watching: ‎-2.33%, start price: 430.0, 39 days since acquired, cycles: 2
stock: Ross Stores (clothes and stuff), current Price: 91.75, change since watching: ‎-23.54%, start price: 120.0, 50 days since acquired, cycles: 2
stock: NXP Semiconductors, current Price: 187.61, change since watching: ‎-6.19%, start price: 200.0, 6 days since acquired, cycles: 3
stock: Aptiv PLC (automotive), current Price: 143.13, change since watching: ‎-4.58%, start price: 150.0, 29 days since acquired, cycles: 2
stock: TJX Companies (Home and clothes stuff), current Price: 65.17, change since watching: ‎-2.66%, start price: 66.95, cycles: 2
stock: Analog Devices, current Price: 160.43, change since watching: ‎-4.39%, start price: 167.8, 8 days since acquired, cycles: 3
stock: Fortive Corporation (high tech), current Price: 63.37, change since watching: ‎-13.35%, start price: 73.13, 22 days since acquired, cycles: 2
stock: Kimberly-Clark (Toilet stuff), current Price: 131.63, change since watching: ‎-1.7%, start price: 133.9, cycles: 2
stock: CarMax (used cars), current Price: 107.48, change since watching: ‎-13.04%, start price: 123.6, 43 days since acquired, cycles: 2
stock: Amcor (Containers/Packaging) *new stock, current Price: 11.79, change since watching: +1.66%, start price: 11.5978, cycles: 2
stock: Autodesk (3D design), current Price: 223.39, change since watching: ‎-21.4%, start price: 284.2, 45 days since acquired, cycles: 2
stock: Realty Income (real estate trust), current Price: 67.12, change since watching: ‎-4.06%, start price: 69.96, 28 days since acquired, cycles: 2
stock: Freeport-McMoRan (mining company), current Price: 43.21, change since watching: +29.41%, start price: 33.39, cycles: 2
פבר׳ 18, 2022 12:18:20 אחה״צ app.Watcher watch
INFO: 

CHECK stock of BMY
CHECK stock of RL
CHECK stock of FCX
פבר׳ 18, 2022 12:19:40 אחה״צ app.Watcher watch
INFO: 
stock: Abbott Laboratories, current Price: 120.58, change since watching: ‎-47.57%, start price: 230.0, 6 days since acquired, cycles: 14
stock: Amazon, current Price: 3093.05, change since watching: ‎-10.35%, start price: 3450.0, 2 months since acquired, cycles: 1
stock: Boeing, current Price: 213.58, change since watching: ‎-3.38%, start price: 221.05, 28 days since acquired, cycles: 4
stock: Bristol-Myers Squibb, current Price: 67.39, change since watching: +15.2%, start price: 58.5, 2 months since acquired, cycles: 1
stock: Nvidia, current Price: 245.07, change since watching: ‎-25.74%, start price: 330.0, 2 months since acquired, cycles: 3
stock: KLA Corporation, current Price: 366.05, change since watching: ‎-11.58%, start price: 414.0, 30 days since acquired, cycles: 3
stock: Electronic arts, current Price: 130.4, change since watching: ‎-3.41%, start price: 135.0, 1 days since acquired, cycles: 4
stock: Applied Materials, current Price: 136.47, change since watching: +4.18%, start price: 131.0, cycles: 2
stock: Starbux, current Price: 93.05, change since watching: ‎-16.35%, start price: 111.24, 41 days since acquired, cycles: 2
stock: Ralph Lauren, current Price: 126.7, change since watching: +11.83%, start price: 113.3, cycles: 3
stock: Becton Dickinson (med tech), current Price: 266.15, change since watching: +3.96%, start price: 256.0, cycles: 3
stock: Align Technology (med tech), current Price: 501.76, change since watching: ‎-18.01%, start price: 612.0, 43 days since acquired, cycles: 3
stock: *********************************************
stock: Texas Instruments (processors), current Price: 164.65, change since watching: ‎-14.69%, start price: 193.0, 43 days since acquired, cycles: 3
stock: Match Group (dating apps), current Price: 111.88, change since watching: ‎-18.93%, start price: 138.0, 50 days since acquired, cycles: 2
stock: Hasbro (board games), current Price: 99.08, change since watching: +1.1%, start price: 98.0, cycles: 3
stock: Teledyne Technologies (high tech), current Price: 419.98, change since watching: ‎-2.33%, start price: 430.0, 39 days since acquired, cycles: 2
stock: Ross Stores (clothes and stuff), current Price: 91.75, change since watching: ‎-23.54%, start price: 120.0, 50 days since acquired, cycles: 2
stock: NXP Semiconductors, current Price: 187.61, change since watching: ‎-6.19%, start price: 200.0, 6 days since acquired, cycles: 3
stock: Aptiv PLC (automotive), current Price: 143.13, change since watching: ‎-4.58%, start price: 150.0, 29 days since acquired, cycles: 2
stock: TJX Companies (Home and clothes stuff), current Price: 65.17, change since watching: ‎-2.66%, start price: 66.95, cycles: 2
stock: Analog Devices, current Price: 160.43, change since watching: ‎-4.39%, start price: 167.8, 8 days since acquired, cycles: 3
stock: Fortive Corporation (high tech), current Price: 63.37, change since watching: ‎-13.35%, start price: 73.13, 22 days since acquired, cycles: 2
stock: Kimberly-Clark (Toilet stuff), current Price: 131.63, change since watching: ‎-1.7%, start price: 133.9, cycles: 2
stock: CarMax (used cars), current Price: 107.48, change since watching: ‎-13.04%, start price: 123.6, 43 days since acquired, cycles: 2
stock: Amcor (Containers/Packaging) *new stock, current Price: 11.79, change since watching: +1.66%, start price: 11.5978, cycles: 2
stock: Autodesk (3D design), current Price: 223.39, change since watching: ‎-21.4%, start price: 284.2, 45 days since acquired, cycles: 2
stock: Realty Income (real estate trust), current Price: 67.12, change since watching: ‎-4.06%, start price: 69.96, 28 days since acquired, cycles: 2
stock: Freeport-McMoRan (mining company), current Price: 43.21, change since watching: +29.41%, start price: 33.39, cycles: 2
פבר׳ 18, 2022 12:19:40 אחה״צ app.Watcher watch
INFO: 

CHECK stock of BMY
CHECK stock of RL
CHECK stock of FCX
פבר׳ 18, 2022 12:20:20 אחה״צ app.Watcher watch
INFO: 
SELL stock: Abbott Laboratories, current Price: 120.58, change since watching: +1105.8%, start price: 10.0, 6 days since acquired, cycles: 14
stock: Amazon, current Price: 3093.05, change since watching: ‎-10.35%, start price: 3450.0, 2 months since acquired, cycles: 1
stock: Boeing, current Price: 213.58, change since watching: ‎-3.38%, start price: 221.05, 28 days since acquired, cycles: 4
stock: Bristol-Myers Squibb, current Price: 67.39, change since watching: +15.2%, start price: 58.5, 2 months since acquired, cycles: 1
stock: Nvidia, current Price: 245.07, change since watching: ‎-25.74%, start price: 330.0, 2 months since acquired, cycles: 3
stock: KLA Corporation, current Price: 366.05, change since watching: ‎-11.58%, start price: 414.0, 30 days since acquired, cycles: 3
stock: Electronic arts, current Price: 130.4, change since watching: ‎-3.41%, start price: 135.0, 1 days since acquired, cycles: 4
stock: Applied Materials, current Price: 136.47, change since watching: +4.18%, start price: 131.0, cycles: 2
stock: Starbux, current Price: 93.05, change since watching: ‎-16.35%, start price: 111.24, 41 days since acquired, cycles: 2
stock: Ralph Lauren, current Price: 126.7, change since watching: +11.83%, start price: 113.3, cycles: 3
stock: Becton Dickinson (med tech), current Price: 266.15, change since watching: +3.96%, start price: 256.0, cycles: 3
stock: Align Technology (med tech), current Price: 501.76, change since watching: ‎-18.01%, start price: 612.0, 43 days since acquired, cycles: 3
stock: *********************************************
stock: Texas Instruments (processors), current Price: 164.65, change since watching: ‎-14.69%, start price: 193.0, 43 days since acquired, cycles: 3
stock: Match Group (dating apps), current Price: 111.88, change since watching: ‎-18.93%, start price: 138.0, 50 days since acquired, cycles: 2
stock: Hasbro (board games), current Price: 99.08, change since watching: +1.1%, start price: 98.0, cycles: 3
stock: Teledyne Technologies (high tech), current Price: 419.98, change since watching: ‎-2.33%, start price: 430.0, 39 days since acquired, cycles: 2
stock: Ross Stores (clothes and stuff), current Price: 91.75, change since watching: ‎-23.54%, start price: 120.0, 50 days since acquired, cycles: 2
stock: NXP Semiconductors, current Price: 187.61, change since watching: ‎-6.19%, start price: 200.0, 6 days since acquired, cycles: 3
stock: Aptiv PLC (automotive), current Price: 143.13, change since watching: ‎-4.58%, start price: 150.0, 29 days since acquired, cycles: 2
stock: TJX Companies (Home and clothes stuff), current Price: 65.17, change since watching: ‎-2.66%, start price: 66.95, cycles: 2
stock: Analog Devices, current Price: 160.43, change since watching: ‎-4.39%, start price: 167.8, 8 days since acquired, cycles: 3
stock: Fortive Corporation (high tech), current Price: 63.37, change since watching: ‎-13.35%, start price: 73.13, 22 days since acquired, cycles: 2
stock: Kimberly-Clark (Toilet stuff), current Price: 131.63, change since watching: ‎-1.7%, start price: 133.9, cycles: 2
stock: CarMax (used cars), current Price: 107.48, change since watching: ‎-13.04%, start price: 123.6, 43 days since acquired, cycles: 2
stock: Amcor (Containers/Packaging) *new stock, current Price: 11.79, change since watching: +1.66%, start price: 11.5978, cycles: 2
stock: Autodesk (3D design), current Price: 223.39, change since watching: ‎-21.4%, start price: 284.2, 45 days since acquired, cycles: 2
stock: Realty Income (real estate trust), current Price: 67.12, change since watching: ‎-4.06%, start price: 69.96, 28 days since acquired, cycles: 2
stock: Freeport-McMoRan (mining company), current Price: 43.21, change since watching: +29.41%, start price: 33.39, cycles: 2
פבר׳ 18, 2022 12:20:20 אחה״צ app.Watcher watch
INFO: 

CHECK stock of ABT
CHECK stock of BMY
CHECK stock of RL
CHECK stock of FCX
פבר׳ 18, 2022 12:33:17 אחה״צ app.Watcher watch
INFO: 
stock: Abbott Laboratories, current Price: 120.58, change since watching: ‎-39.71%, start price: 200.0, 6 days since acquired, cycles: 14
stock: Amazon, current Price: 3093.05, change since watching: ‎-10.35%, start price: 3450.0, 2 months since acquired, cycles: 1
stock: Boeing, current Price: 213.58, change since watching: ‎-3.38%, start price: 221.05, 28 days since acquired, cycles: 4
stock: Bristol-Myers Squibb, current Price: 67.39, change since watching: +15.2%, start price: 58.5, 2 months since acquired, cycles: 1
stock: Nvidia, current Price: 245.07, change since watching: ‎-25.74%, start price: 330.0, 2 months since acquired, cycles: 3
stock: KLA Corporation, current Price: 366.05, change since watching: ‎-11.58%, start price: 414.0, 30 days since acquired, cycles: 3
stock: Electronic arts, current Price: 130.4, change since watching: ‎-3.41%, start price: 135.0, 1 days since acquired, cycles: 4
stock: Applied Materials, current Price: 136.47, change since watching: +4.18%, start price: 131.0, cycles: 2
stock: Starbux, current Price: 93.05, change since watching: ‎-16.35%, start price: 111.24, 41 days since acquired, cycles: 2
stock: Ralph Lauren, current Price: 126.7, change since watching: +11.83%, start price: 113.3, cycles: 3
stock: Becton Dickinson (med tech), current Price: 266.15, change since watching: +3.96%, start price: 256.0, cycles: 3
stock: Align Technology (med tech), current Price: 501.76, change since watching: ‎-18.01%, start price: 612.0, 43 days since acquired, cycles: 3
stock: *********************************************
stock: Texas Instruments (processors), current Price: 164.65, change since watching: ‎-14.69%, start price: 193.0, 43 days since acquired, cycles: 3
stock: Match Group (dating apps), current Price: 111.88, change since watching: ‎-18.93%, start price: 138.0, 50 days since acquired, cycles: 2
stock: Hasbro (board games), current Price: 99.08, change since watching: +1.1%, start price: 98.0, cycles: 3
stock: Teledyne Technologies (high tech), current Price: 419.98, change since watching: ‎-2.33%, start price: 430.0, 39 days since acquired, cycles: 2
stock: Ross Stores (clothes and stuff), current Price: 91.75, change since watching: ‎-23.54%, start price: 120.0, 50 days since acquired, cycles: 2
stock: NXP Semiconductors, current Price: 187.61, change since watching: ‎-6.19%, start price: 200.0, 6 days since acquired, cycles: 3
stock: Aptiv PLC (automotive), current Price: 143.13, change since watching: ‎-4.58%, start price: 150.0, 29 days since acquired, cycles: 2
stock: TJX Companies (Home and clothes stuff), current Price: 65.17, change since watching: ‎-2.66%, start price: 66.95, cycles: 2
stock: Analog Devices, current Price: 160.43, change since watching: ‎-4.39%, start price: 167.8, 8 days since acquired, cycles: 3
stock: Fortive Corporation (high tech), current Price: 63.37, change since watching: ‎-13.35%, start price: 73.13, 22 days since acquired, cycles: 2
stock: Kimberly-Clark (Toilet stuff), current Price: 131.63, change since watching: ‎-1.7%, start price: 133.9, cycles: 2
stock: CarMax (used cars), current Price: 107.48, change since watching: ‎-13.04%, start price: 123.6, 43 days since acquired, cycles: 2
stock: Amcor (Containers/Packaging) *new stock, current Price: 11.79, change since watching: +1.66%, start price: 11.5978, cycles: 2
stock: Autodesk (3D design), current Price: 223.39, change since watching: ‎-21.4%, start price: 284.2, 45 days since acquired, cycles: 2
stock: Realty Income (real estate trust), current Price: 67.12, change since watching: ‎-4.06%, start price: 69.96, 28 days since acquired, cycles: 2
stock: Freeport-McMoRan (mining company), current Price: 43.21, change since watching: +29.41%, start price: 33.39, cycles: 2
פבר׳ 18, 2022 12:33:17 אחה״צ app.Watcher watch
INFO: 

CHECK stock of BMY
CHECK stock of RL
CHECK stock of FCX
פבר׳ 18, 2022 12:34:16 אחה״צ app.Watcher watch
INFO: 
BUY stock: Abbott Laboratories, current Price: 120.58, change since watching: ‎-39.71%, start price: 200.0, 6 days since acquired, cycles: 14
stock: Amazon, current Price: 3093.05, change since watching: ‎-10.35%, start price: 3450.0, 2 months since acquired, cycles: 1
stock: Boeing, current Price: 213.58, change since watching: ‎-3.38%, start price: 221.05, 28 days since acquired, cycles: 4
stock: Bristol-Myers Squibb, current Price: 67.39, change since watching: +15.2%, start price: 58.5, 2 months since acquired, cycles: 1
stock: Nvidia, current Price: 245.07, change since watching: ‎-25.74%, start price: 330.0, 2 months since acquired, cycles: 3
stock: KLA Corporation, current Price: 366.05, change since watching: ‎-11.58%, start price: 414.0, 30 days since acquired, cycles: 3
stock: Electronic arts, current Price: 130.4, change since watching: ‎-3.41%, start price: 135.0, 1 days since acquired, cycles: 4
stock: Applied Materials, current Price: 136.47, change since watching: +4.18%, start price: 131.0, cycles: 2
stock: Starbux, current Price: 93.05, change since watching: ‎-16.35%, start price: 111.24, 41 days since acquired, cycles: 2
stock: Ralph Lauren, current Price: 126.7, change since watching: +11.83%, start price: 113.3, cycles: 3
stock: Becton Dickinson (med tech), current Price: 266.15, change since watching: +3.96%, start price: 256.0, cycles: 3
stock: Align Technology (med tech), current Price: 501.76, change since watching: ‎-18.01%, start price: 612.0, 43 days since acquired, cycles: 3
stock: *********************************************
stock: Texas Instruments (processors), current Price: 164.65, change since watching: ‎-14.69%, start price: 193.0, 43 days since acquired, cycles: 3
stock: Match Group (dating apps), current Price: 111.88, change since watching: ‎-18.93%, start price: 138.0, 50 days since acquired, cycles: 2
stock: Hasbro (board games), current Price: 99.08, change since watching: +1.1%, start price: 98.0, cycles: 3
stock: Teledyne Technologies (high tech), current Price: 419.98, change since watching: ‎-2.33%, start price: 430.0, 39 days since acquired, cycles: 2
stock: Ross Stores (clothes and stuff), current Price: 91.75, change since watching: ‎-23.54%, start price: 120.0, 50 days since acquired, cycles: 2
stock: NXP Semiconductors, current Price: 187.61, change since watching: ‎-6.19%, start price: 200.0, 6 days since acquired, cycles: 3
stock: Aptiv PLC (automotive), current Price: 143.13, change since watching: ‎-4.58%, start price: 150.0, 29 days since acquired, cycles: 2
stock: TJX Companies (Home and clothes stuff), current Price: 65.17, change since watching: ‎-2.66%, start price: 66.95, cycles: 2
stock: Analog Devices, current Price: 160.43, change since watching: ‎-4.39%, start price: 167.8, 8 days since acquired, cycles: 3
stock: Fortive Corporation (high tech), current Price: 63.37, change since watching: ‎-13.35%, start price: 73.13, 22 days since acquired, cycles: 2
stock: Kimberly-Clark (Toilet stuff), current Price: 131.63, change since watching: ‎-1.7%, start price: 133.9, cycles: 2
stock: CarMax (used cars), current Price: 107.48, change since watching: ‎-13.04%, start price: 123.6, 43 days since acquired, cycles: 2
stock: Amcor (Containers/Packaging) *new stock, current Price: 11.79, change since watching: +1.66%, start price: 11.5978, cycles: 2
stock: Autodesk (3D design), current Price: 223.39, change since watching: ‎-21.4%, start price: 284.2, 45 days since acquired, cycles: 2
stock: Realty Income (real estate trust), current Price: 67.12, change since watching: ‎-4.06%, start price: 69.96, 28 days since acquired, cycles: 2
stock: Freeport-McMoRan (mining company), current Price: 43.21, change since watching: +29.41%, start price: 33.39, cycles: 2
פבר׳ 18, 2022 12:34:16 אחה״צ app.Watcher watch
INFO: 

BUY stock of ABT
CHECK stock of BMY
CHECK stock of RL
CHECK stock of FCX
פבר׳ 18, 2022 12:36:47 אחה״צ app.Watcher watch
INFO: 
SELL stock: Abbott Laboratories, current Price: 120.58, change since watching: ‎-87.93%, start price: 999.0, 0 days since acquired, cycles: 14
stock: Amazon, current Price: 3093.05, change since watching: ‎-10.35%, start price: 3450.0, 2 months since acquired, cycles: 1
stock: Boeing, current Price: 213.58, change since watching: ‎-3.38%, start price: 221.05, 28 days since acquired, cycles: 4
stock: Bristol-Myers Squibb, current Price: 67.39, change since watching: +15.2%, start price: 58.5, 2 months since acquired, cycles: 1
stock: Nvidia, current Price: 245.07, change since watching: ‎-25.74%, start price: 330.0, 2 months since acquired, cycles: 3
stock: KLA Corporation, current Price: 366.05, change since watching: ‎-11.58%, start price: 414.0, 30 days since acquired, cycles: 3
stock: Electronic arts, current Price: 130.4, change since watching: ‎-3.41%, start price: 135.0, 1 days since acquired, cycles: 4
stock: Applied Materials, current Price: 136.47, change since watching: +4.18%, start price: 131.0, cycles: 2
stock: Starbux, current Price: 93.05, change since watching: ‎-16.35%, start price: 111.24, 41 days since acquired, cycles: 2
stock: Ralph Lauren, current Price: 126.7, change since watching: +11.83%, start price: 113.3, cycles: 3
stock: Becton Dickinson (med tech), current Price: 266.15, change since watching: +3.96%, start price: 256.0, cycles: 3
stock: Align Technology (med tech), current Price: 501.76, change since watching: ‎-18.01%, start price: 612.0, 43 days since acquired, cycles: 3
stock: *********************************************
stock: Texas Instruments (processors), current Price: 164.65, change since watching: ‎-14.69%, start price: 193.0, 43 days since acquired, cycles: 3
stock: Match Group (dating apps), current Price: 111.88, change since watching: ‎-18.93%, start price: 138.0, 50 days since acquired, cycles: 2
stock: Hasbro (board games), current Price: 99.08, change since watching: +1.1%, start price: 98.0, cycles: 3
stock: Teledyne Technologies (high tech), current Price: 419.98, change since watching: ‎-2.33%, start price: 430.0, 39 days since acquired, cycles: 2
stock: Ross Stores (clothes and stuff), current Price: 91.75, change since watching: ‎-23.54%, start price: 120.0, 50 days since acquired, cycles: 2
stock: NXP Semiconductors, current Price: 187.61, change since watching: ‎-6.19%, start price: 200.0, 6 days since acquired, cycles: 3
stock: Aptiv PLC (automotive), current Price: 143.13, change since watching: ‎-4.58%, start price: 150.0, 29 days since acquired, cycles: 2
stock: TJX Companies (Home and clothes stuff), current Price: 65.17, change since watching: ‎-2.66%, start price: 66.95, cycles: 2
stock: Analog Devices, current Price: 160.43, change since watching: ‎-4.39%, start price: 167.8, 8 days since acquired, cycles: 3
stock: Fortive Corporation (high tech), current Price: 63.37, change since watching: ‎-13.35%, start price: 73.13, 22 days since acquired, cycles: 2
stock: Kimberly-Clark (Toilet stuff), current Price: 131.63, change since watching: ‎-1.7%, start price: 133.9, cycles: 2
stock: CarMax (used cars), current Price: 107.48, change since watching: ‎-13.04%, start price: 123.6, 43 days since acquired, cycles: 2
stock: Amcor (Containers/Packaging) *new stock, current Price: 11.79, change since watching: +1.66%, start price: 11.5978, cycles: 2
stock: Autodesk (3D design), current Price: 223.39, change since watching: ‎-21.4%, start price: 284.2, 45 days since acquired, cycles: 2
stock: Realty Income (real estate trust), current Price: 67.12, change since watching: ‎-4.06%, start price: 69.96, 28 days since acquired, cycles: 2
stock: Freeport-McMoRan (mining company), current Price: 43.21, change since watching: +29.41%, start price: 33.39, cycles: 2
פבר׳ 18, 2022 12:36:47 אחה״צ app.Watcher watch
INFO: 

SELL stock of ABT
CHECK stock of BMY
CHECK stock of RL
CHECK stock of FCX
פבר׳ 18, 2022 12:51:05 אחה״צ app.Watcher watch
INFO: 
BUY stock: Abbott Laboratories, current Price: 120.58, change since watching: ‎-7.25%, start price: 130.0, cycles: 15
stock: Amazon, current Price: 3093.05, change since watching: ‎-10.35%, start price: 3450.0, 2 months since acquired, cycles: 1
stock: Boeing, current Price: 213.58, change since watching: ‎-3.38%, start price: 221.05, 28 days since acquired, cycles: 4
stock: Bristol-Myers Squibb, current Price: 67.39, change since watching: +15.2%, start price: 58.5, 2 months since acquired, cycles: 1
stock: Nvidia, current Price: 245.07, change since watching: ‎-25.74%, start price: 330.0, 2 months since acquired, cycles: 3
stock: KLA Corporation, current Price: 366.05, change since watching: ‎-11.58%, start price: 414.0, 30 days since acquired, cycles: 3
stock: Electronic arts, current Price: 130.4, change since watching: ‎-3.41%, start price: 135.0, 1 days since acquired, cycles: 4
stock: Applied Materials, current Price: 136.47, change since watching: +4.18%, start price: 131.0, cycles: 2
stock: Starbux, current Price: 93.05, change since watching: ‎-16.35%, start price: 111.24, 41 days since acquired, cycles: 2
stock: Ralph Lauren, current Price: 126.7, change since watching: +11.83%, start price: 113.3, cycles: 3
stock: Becton Dickinson (med tech), current Price: 266.15, change since watching: +3.96%, start price: 256.0, cycles: 3
stock: Align Technology (med tech), current Price: 501.76, change since watching: ‎-18.01%, start price: 612.0, 43 days since acquired, cycles: 3
stock: *********************************************
stock: Texas Instruments (processors), current Price: 164.65, change since watching: ‎-14.69%, start price: 193.0, 43 days since acquired, cycles: 3
stock: Match Group (dating apps), current Price: 111.88, change since watching: ‎-18.93%, start price: 138.0, 50 days since acquired, cycles: 2
stock: Hasbro (board games), current Price: 99.08, change since watching: +1.1%, start price: 98.0, cycles: 3
stock: Teledyne Technologies (high tech), current Price: 419.98, change since watching: ‎-2.33%, start price: 430.0, 39 days since acquired, cycles: 2
stock: Ross Stores (clothes and stuff), current Price: 91.75, change since watching: ‎-23.54%, start price: 120.0, 50 days since acquired, cycles: 2
stock: NXP Semiconductors, current Price: 187.61, change since watching: ‎-6.19%, start price: 200.0, 6 days since acquired, cycles: 3
stock: Aptiv PLC (automotive), current Price: 143.13, change since watching: ‎-4.58%, start price: 150.0, 29 days since acquired, cycles: 2
stock: TJX Companies (Home and clothes stuff), current Price: 65.17, change since watching: ‎-2.66%, start price: 66.95, cycles: 2
stock: Analog Devices, current Price: 160.43, change since watching: ‎-4.39%, start price: 167.8, 8 days since acquired, cycles: 3
stock: Fortive Corporation (high tech), current Price: 63.37, change since watching: ‎-13.35%, start price: 73.13, 22 days since acquired, cycles: 2
stock: Kimberly-Clark (Toilet stuff), current Price: 131.63, change since watching: ‎-1.7%, start price: 133.9, cycles: 2
stock: CarMax (used cars), current Price: 107.48, change since watching: ‎-13.04%, start price: 123.6, 43 days since acquired, cycles: 2
stock: Amcor (Containers/Packaging) *new stock, current Price: 11.79, change since watching: +1.66%, start price: 11.5978, cycles: 2
stock: Autodesk (3D design), current Price: 223.39, change since watching: ‎-21.4%, start price: 284.2, 45 days since acquired, cycles: 2
stock: Realty Income (real estate trust), current Price: 67.12, change since watching: ‎-4.06%, start price: 69.96, 28 days since acquired, cycles: 2
stock: Freeport-McMoRan (mining company), current Price: 43.21, change since watching: +29.41%, start price: 33.39, cycles: 2
פבר׳ 18, 2022 12:51:05 אחה״צ app.Watcher watch
INFO: 

BUY stock of ABT
CHECK stock of BMY
CHECK stock of RL
CHECK stock of FCX
פבר׳ 18, 2022 1:18:26 אחה״צ app.Watcher watch
INFO: 
stock: Abbott Laboratories, current Price: 120.58, change since watching: ‎-7.25%, start price: 130.0, 0 days since acquired, cycles: 15
stock: Amazon, current Price: 3093.05, change since watching: ‎-10.35%, start price: 3450.0, 2 months since acquired, cycles: 1
stock: Boeing, current Price: 213.58, change since watching: ‎-3.38%, start price: 221.05, 28 days since acquired, cycles: 4
stock: Bristol-Myers Squibb, current Price: 67.39, change since watching: +15.2%, start price: 58.5, 2 months since acquired, cycles: 1
stock: Nvidia, current Price: 245.07, change since watching: ‎-25.74%, start price: 330.0, 2 months since acquired, cycles: 3
stock: KLA Corporation, current Price: 366.05, change since watching: ‎-11.58%, start price: 414.0, 30 days since acquired, cycles: 3
stock: Electronic arts, current Price: 130.4, change since watching: ‎-3.41%, start price: 135.0, 1 days since acquired, cycles: 4
stock: Applied Materials, current Price: 136.47, change since watching: +4.18%, start price: 131.0, cycles: 2
stock: Starbux, current Price: 93.05, change since watching: ‎-16.35%, start price: 111.24, 41 days since acquired, cycles: 2
stock: Ralph Lauren, current Price: 126.7, change since watching: +11.83%, start price: 113.3, cycles: 3
stock: Becton Dickinson (med tech), current Price: 266.15, change since watching: +3.96%, start price: 256.0, cycles: 3
stock: Align Technology (med tech), current Price: 501.76, change since watching: ‎-18.01%, start price: 612.0, 43 days since acquired, cycles: 3
stock: *********************************************
stock: Texas Instruments (processors), current Price: 164.65, change since watching: ‎-14.69%, start price: 193.0, 43 days since acquired, cycles: 3
stock: Match Group (dating apps), current Price: 111.88, change since watching: ‎-18.93%, start price: 138.0, 50 days since acquired, cycles: 2
stock: Hasbro (board games), current Price: 99.08, change since watching: +1.1%, start price: 98.0, cycles: 3
stock: Teledyne Technologies (high tech), current Price: 419.98, change since watching: ‎-2.33%, start price: 430.0, 39 days since acquired, cycles: 2
stock: Ross Stores (clothes and stuff), current Price: 91.75, change since watching: ‎-23.54%, start price: 120.0, 50 days since acquired, cycles: 2
stock: NXP Semiconductors, current Price: 187.61, change since watching: ‎-6.19%, start price: 200.0, 6 days since acquired, cycles: 3
stock: Aptiv PLC (automotive), current Price: 143.13, change since watching: ‎-4.58%, start price: 150.0, 29 days since acquired, cycles: 2
stock: TJX Companies (Home and clothes stuff), current Price: 65.17, change since watching: ‎-2.66%, start price: 66.95, cycles: 2
stock: Analog Devices, current Price: 160.43, change since watching: ‎-4.39%, start price: 167.8, 8 days since acquired, cycles: 3
stock: Fortive Corporation (high tech), current Price: 63.37, change since watching: ‎-13.35%, start price: 73.13, 22 days since acquired, cycles: 2
stock: Kimberly-Clark (Toilet stuff), current Price: 131.63, change since watching: ‎-1.7%, start price: 133.9, cycles: 2
stock: CarMax (used cars), current Price: 107.48, change since watching: ‎-13.04%, start price: 123.6, 43 days since acquired, cycles: 2
stock: Amcor (Containers/Packaging) *new stock, current Price: 11.79, change since watching: +1.66%, start price: 11.5978, cycles: 2
stock: Autodesk (3D design), current Price: 223.39, change since watching: ‎-21.4%, start price: 284.2, 45 days since acquired, cycles: 2
stock: Realty Income (real estate trust), current Price: 67.12, change since watching: ‎-4.06%, start price: 69.96, 28 days since acquired, cycles: 2
stock: Freeport-McMoRan (mining company), current Price: 43.21, change since watching: +29.41%, start price: 33.39, cycles: 2
פבר׳ 18, 2022 1:18:26 אחה״צ app.Watcher watch
INFO: 

CHECK stock of BMY
CHECK stock of RL
CHECK stock of FCX
פבר׳ 18, 2022 1:39:42 אחה״צ app.Watcher watch
INFO: 
stock: Abbott Laboratories, current Price: 120.58, change since watching: ‎-7.25%, start price: 130.0, 0 days since acquired, cycles: 15
stock: Amazon, current Price: 3093.05, change since watching: ‎-10.35%, start price: 3450.0, 2 months since acquired, cycles: 1
stock: Boeing, current Price: 213.58, change since watching: ‎-3.38%, start price: 221.05, 28 days since acquired, cycles: 4
stock: Bristol-Myers Squibb, current Price: 67.39, change since watching: +15.2%, start price: 58.5, 2 months since acquired, cycles: 1
stock: Nvidia, current Price: 245.07, change since watching: ‎-25.74%, start price: 330.0, 2 months since acquired, cycles: 3
stock: KLA Corporation, current Price: 366.05, change since watching: ‎-11.58%, start price: 414.0, 30 days since acquired, cycles: 3
stock: Electronic arts, current Price: 130.4, change since watching: ‎-3.41%, start price: 135.0, 1 days since acquired, cycles: 4
stock: Applied Materials, current Price: 136.47, change since watching: +4.18%, start price: 131.0, cycles: 2
stock: Starbux, current Price: 93.05, change since watching: ‎-16.35%, start price: 111.24, 41 days since acquired, cycles: 2
stock: Ralph Lauren, current Price: 126.7, change since watching: +11.83%, start price: 113.3, cycles: 3
stock: Becton Dickinson (med tech), current Price: 266.15, change since watching: +3.96%, start price: 256.0, cycles: 3
stock: Align Technology (med tech), current Price: 501.76, change since watching: ‎-18.01%, start price: 612.0, 43 days since acquired, cycles: 3
stock: *********************************************
stock: Texas Instruments (processors), current Price: 164.65, change since watching: ‎-14.69%, start price: 193.0, 43 days since acquired, cycles: 3
stock: Match Group (dating apps), current Price: 111.88, change since watching: ‎-18.93%, start price: 138.0, 50 days since acquired, cycles: 2
stock: Hasbro (board games), current Price: 99.08, change since watching: +1.1%, start price: 98.0, cycles: 3
stock: Teledyne Technologies (high tech), current Price: 419.98, change since watching: ‎-2.33%, start price: 430.0, 39 days since acquired, cycles: 2
stock: Ross Stores (clothes and stuff), current Price: 91.75, change since watching: ‎-23.54%, start price: 120.0, 50 days since acquired, cycles: 2
stock: NXP Semiconductors, current Price: 187.61, change since watching: ‎-6.19%, start price: 200.0, 6 days since acquired, cycles: 3
stock: Aptiv PLC (automotive), current Price: 143.13, change since watching: ‎-4.58%, start price: 150.0, 29 days since acquired, cycles: 2
stock: TJX Companies (Home and clothes stuff), current Price: 65.17, change since watching: ‎-2.66%, start price: 66.95, cycles: 2
stock: Analog Devices, current Price: 160.43, change since watching: ‎-4.39%, start price: 167.8, 8 days since acquired, cycles: 3
stock: Fortive Corporation (high tech), current Price: 63.37, change since watching: ‎-13.35%, start price: 73.13, 22 days since acquired, cycles: 2
stock: Kimberly-Clark (Toilet stuff), current Price: 131.63, change since watching: ‎-1.7%, start price: 133.9, cycles: 2
stock: CarMax (used cars), current Price: 107.48, change since watching: ‎-13.04%, start price: 123.6, 43 days since acquired, cycles: 2
stock: Amcor (Containers/Packaging) *new stock, current Price: 11.79, change since watching: +1.66%, start price: 11.5978, cycles: 2
stock: Autodesk (3D design), current Price: 223.39, change since watching: ‎-21.4%, start price: 284.2, 45 days since acquired, cycles: 2
stock: Realty Income (real estate trust), current Price: 67.12, change since watching: ‎-4.06%, start price: 69.96, 28 days since acquired, cycles: 2
stock: Freeport-McMoRan (mining company), current Price: 43.21, change since watching: +29.41%, start price: 33.39, cycles: 2
פבר׳ 18, 2022 1:39:42 אחה״צ app.Watcher watch
INFO: 

CHECK stock of BMY
CHECK stock of RL
CHECK stock of FCX
פבר׳ 18, 2022 3:51:50 אחה״צ app.Watcher watch
INFO: 
stock: Abbott Laboratories, current Price: 120.58, change since watching: ‎-7.25%, start price: 130.0, 0 days since acquired, cycles: 15
stock: Amazon, current Price: 3093.05, change since watching: ‎-10.35%, start price: 3450.0, 2 months since acquired, cycles: 1
stock: Boeing, current Price: 213.58, change since watching: ‎-3.38%, start price: 221.05, 28 days since acquired, cycles: 4
stock: Bristol-Myers Squibb, current Price: 67.39, change since watching: +15.2%, start price: 58.5, 2 months since acquired, cycles: 1
stock: Nvidia, current Price: 245.07, change since watching: ‎-25.74%, start price: 330.0, 2 months since acquired, cycles: 3
stock: KLA Corporation, current Price: 366.05, change since watching: ‎-11.58%, start price: 414.0, 30 days since acquired, cycles: 3
stock: Electronic arts, current Price: 130.4, change since watching: ‎-3.41%, start price: 135.0, 1 days since acquired, cycles: 4
stock: Applied Materials, current Price: 136.47, change since watching: +4.18%, start price: 131.0, cycles: 2
stock: Starbux, current Price: 93.05, change since watching: ‎-16.35%, start price: 111.24, 41 days since acquired, cycles: 2
stock: Ralph Lauren, current Price: 126.7, change since watching: +11.83%, start price: 113.3, cycles: 3
stock: Becton Dickinson (med tech), current Price: 266.15, change since watching: +3.96%, start price: 256.0, cycles: 3
stock: Align Technology (med tech), current Price: 501.76, change since watching: ‎-18.01%, start price: 612.0, 43 days since acquired, cycles: 3
stock: *********************************************
stock: Texas Instruments (processors), current Price: 164.65, change since watching: ‎-14.69%, start price: 193.0, 43 days since acquired, cycles: 3
stock: Match Group (dating apps), current Price: 111.88, change since watching: ‎-18.93%, start price: 138.0, 50 days since acquired, cycles: 2
stock: Hasbro (board games), current Price: 99.08, change since watching: +1.1%, start price: 98.0, cycles: 3
stock: Teledyne Technologies (high tech), current Price: 419.98, change since watching: ‎-2.33%, start price: 430.0, 39 days since acquired, cycles: 2
stock: Ross Stores (clothes and stuff), current Price: 91.75, change since watching: ‎-23.54%, start price: 120.0, 50 days since acquired, cycles: 2
stock: NXP Semiconductors, current Price: 187.61, change since watching: ‎-6.19%, start price: 200.0, 6 days since acquired, cycles: 3
stock: Aptiv PLC (automotive), current Price: 143.13, change since watching: ‎-4.58%, start price: 150.0, 29 days since acquired, cycles: 2
stock: TJX Companies (Home and clothes stuff), current Price: 65.17, change since watching: ‎-2.66%, start price: 66.95, cycles: 2
stock: Analog Devices, current Price: 160.43, change since watching: ‎-4.39%, start price: 167.8, 8 days since acquired, cycles: 3
stock: Fortive Corporation (high tech), current Price: 63.37, change since watching: ‎-13.35%, start price: 73.13, 22 days since acquired, cycles: 2
stock: Kimberly-Clark (Toilet stuff), current Price: 131.63, change since watching: ‎-1.7%, start price: 133.9, cycles: 2
stock: CarMax (used cars), current Price: 107.48, change since watching: ‎-13.04%, start price: 123.6, 43 days since acquired, cycles: 2
stock: Amcor (Containers/Packaging) *new stock, current Price: 11.79, change since watching: +1.66%, start price: 11.5978, cycles: 2
stock: Autodesk (3D design), current Price: 223.39, change since watching: ‎-21.4%, start price: 284.2, 45 days since acquired, cycles: 2
stock: Realty Income (real estate trust), current Price: 67.12, change since watching: ‎-4.06%, start price: 69.96, 28 days since acquired, cycles: 2
stock: Freeport-McMoRan (mining company), current Price: 43.21, change since watching: +29.41%, start price: 33.39, cycles: 2
פבר׳ 18, 2022 3:51:50 אחה״צ app.Watcher watch
INFO: 

CHECK stock of BMY
CHECK stock of RL
CHECK stock of FCX
